-------------------------------------------------------------------------------
Test set: za.ac.cput.StudentMapInterfaceTest
-------------------------------------------------------------------------------
Tests run: 3, Failures: 1, Errors: 0, Skipped: 0, Time elapsed: 0.091 s <<< FAILURE! - in za.ac.cput.StudentMapInterfaceTest
testRemove  Time elapsed: 0.049 s  <<< FAILURE!
org.opentest4j.AssertionFailedError: expected: <1> but was: <3>
	at za.ac.cput.StudentMapInterfaceTest.testRemove(StudentMapInterfaceTest.java:33)

